<?xml version="1.0" encoding="UTF-8"?>
<testng-results skipped="0" failed="1" total="1" passed="0">
  <reporter-output>
  </reporter-output>
  <suite name="Default suite" duration-ms="22799" started-at="2020-02-06T11:39:46Z" finished-at="2020-02-06T11:40:09Z">
    <groups>
    </groups>
    <test name="Default test" duration-ms="22799" started-at="2020-02-06T11:39:46Z" finished-at="2020-02-06T11:40:09Z">
      <class name="com.CodingRound.Selenium.TC_TripAdvisor">
        <test-method status="PASS" signature="setUp()[pri:0, instance:com.CodingRound.Selenium.TC_TripAdvisor@6ea6d14e]" name="setUp" is-config="true" duration-ms="4818" started-at="2020-02-06T17:09:46Z" finished-at="2020-02-06T17:09:51Z">
          <reporter-output>
          </reporter-output>
        </test-method> <!-- setUp -->
        <test-method status="FAIL" signature="tripAdvisorReview()[pri:0, instance:com.CodingRound.Selenium.TC_TripAdvisor@6ea6d14e]" name="tripAdvisorReview" duration-ms="16956" started-at="2020-02-06T17:09:51Z" finished-at="2020-02-06T17:10:08Z">
          <exception class="java.util.NoSuchElementException">
            <full-stacktrace>
              <![CDATA[java.util.NoSuchElementException
	at java.util.LinkedHashMap$LinkedHashIterator.nextNode(Unknown Source)
	at java.util.LinkedHashMap$LinkedKeyIterator.next(Unknown Source)
	at com.CodingRound.Selenium.TC_TripAdvisor.tripAdvisorReview(TC_TripAdvisor.java:47)
	at sun.reflect.NativeMethodAccessorImpl.invoke0(Native Method)
	at sun.reflect.NativeMethodAccessorImpl.invoke(Unknown Source)
	at sun.reflect.DelegatingMethodAccessorImpl.invoke(Unknown Source)
	at java.lang.reflect.Method.invoke(Unknown Source)
	at org.testng.internal.MethodInvocationHelper.invokeMethod(MethodInvocationHelper.java:86)
	at org.testng.internal.Invoker.invokeMethod(Invoker.java:645)
	at org.testng.internal.Invoker.invokeTestMethod(Invoker.java:822)
	at org.testng.internal.Invoker.invokeTestMethods(Invoker.java:1130)
	at org.testng.internal.TestMethodWorker.invokeTestMethods(TestMethodWorker.java:129)
	at org.testng.internal.TestMethodWorker.run(TestMethodWorker.java:112)
	at org.testng.TestRunner.privateRun(TestRunner.java:782)
	at org.testng.TestRunner.run(TestRunner.java:632)
	at org.testng.SuiteRunner.runTest(SuiteRunner.java:366)
	at org.testng.SuiteRunner.runSequentially(SuiteRunner.java:361)
	at org.testng.SuiteRunner.privateRun(SuiteRunner.java:319)
	at org.testng.SuiteRunner.run(SuiteRunner.java:268)
	at org.testng.SuiteRunnerWorker.runSuite(SuiteRunnerWorker.java:52)
	at org.testng.SuiteRunnerWorker.run(SuiteRunnerWorker.java:86)
	at org.testng.TestNG.runSuitesSequentially(TestNG.java:1244)
	at org.testng.TestNG.runSuitesLocally(TestNG.java:1169)
	at org.testng.TestNG.run(TestNG.java:1064)
	at org.testng.remote.RemoteTestNG.run(RemoteTestNG.java:113)
	at org.testng.remote.RemoteTestNG.initAndRun(RemoteTestNG.java:206)
	at org.testng.remote.RemoteTestNG.main(RemoteTestNG.java:177)
]]>
            </full-stacktrace>
          </exception> <!-- java.util.NoSuchElementException -->
          <reporter-output>
          </reporter-output>
        </test-method> <!-- tripAdvisorReview -->
        <test-method status="PASS" signature="tearDown()[pri:0, instance:com.CodingRound.Selenium.TC_TripAdvisor@6ea6d14e]" name="tearDown" is-config="true" duration-ms="1014" started-at="2020-02-06T17:10:08Z" finished-at="2020-02-06T17:10:09Z">
          <reporter-output>
          </reporter-output>
        </test-method> <!-- tearDown -->
      </class> <!-- com.CodingRound.Selenium.TC_TripAdvisor -->
    </test> <!-- Default test -->
  </suite> <!-- Default suite -->
</testng-results>
